Arguments: 
  /usr/bin/node /usr/bin/yarn add react-native-status-bar

PATH: 
  /usr/local/sbin:/usr/local/bin:/usr/sbin:/usr/bin:/sbin:/bin:/usr/games:/usr/local/games:/snap/bin:/snap/bin:/home/weevil/Android/Sdk/tools:/home/weevil/Library/Android/Sdk/emulator:/home/weevil/Library/Android/Sdk/platform-tools

Yarn version: 
  1.22.19

Node version: 
  18.12.1

Platform: 
  linux x64

Trace: 
  Error: https://registry.yarnpkg.com/react-native-status-bar: Not found
      at params.callback [as _callback] (/usr/lib/node_modules/yarn/lib/cli.js:66145:18)
      at self.callback (/usr/lib/node_modules/yarn/lib/cli.js:140890:22)
      at Request.emit (node:events:513:28)
      at Request.<anonymous> (/usr/lib/node_modules/yarn/lib/cli.js:141862:10)
      at Request.emit (node:events:513:28)
      at IncomingMessage.<anonymous> (/usr/lib/node_modules/yarn/lib/cli.js:141784:12)
      at Object.onceWrapper (node:events:627:28)
      at IncomingMessage.emit (node:events:525:35)
      at endReadableNT (node:internal/streams/readable:1359:12)
      at process.processTicksAndRejections (node:internal/process/task_queues:82:21)

npm manifest: 
  {
    "name": "man-app",
    "version": "1.0.0",
    "main": "node_modules/expo/AppEntry.js",
    "scripts": {
      "start": "expo start",
      "android": "expo start --android",
      "ios": "expo start --ios",
      "web": "expo start --web"
    },
    "dependencies": {
      "@react-navigation/drawer": "^6.5.7",
      "@react-navigation/native": "^6.1.2",
      "@react-navigation/native-stack": "^6.9.8",
      "expo": "~47.0.12",
      "expo-status-bar": "~1.4.2",
      "formik": "^2.2.9",
      "react": "18.1.0",
      "react-dom": "18.1.0",
      "react-native": "0.70.5",
      "react-native-web": "~0.18.9",
      "yup": "^0.32.11"
    },
    "devDependencies": {
      "@babel/core": "^7.12.9",
      "@types/react": "~18.0.14",
      "@types/react-native": "~0.70.6",
      "typescript": "^4.6.3"
    },
    "private": true
  }

yarn manifest: 
  No manifest

Lockfile: 
  No lockfile
